<?xml version="1.0" encoding="UTF-8"?>
<!-- Generated by org.testng.reporters.JUnitReportReporter -->
<testsuite hostname="LAPTOP-9MKQQPJI" failures="0" tests="1" name="atc.saf.automationpractice" time="19.356" errors="0" timestamp="2021-02-27T14:51:11 IST" skipped="0">
  <testcase classname="atc.saf.automationpractice" name="verifyHeaderFooter" time="19.356"/>
  <system-out/>
</testsuite> <!-- atc.saf.automationpractice -->
